<?xml version="1.0" encoding="UTF-8"?>
<!-- Generated by org.testng.reporters.JUnitReportReporter -->
<testsuite skipped="0" hostname="MacBook-Pro-de-tween-5.local" name="com.wordpress.testscases.VerifyWordPressLoginChrome" tests="1" failures="0" timestamp="10 may 2017 14:50:13 GMT" time="20.533" errors="0">
  <testcase name="VerifyValidLogin" time="20.533" classname="com.wordpress.testscases.VerifyWordPressLoginChrome"/>
</testsuite> <!-- com.wordpress.testscases.VerifyWordPressLoginChrome -->
