<?xml version="1.0" encoding="UTF-8"?>
<!-- Generated by org.testng.reporters.JUnitReportReporter -->
<testsuite skipped="0" hostname="MacBook-Pro-de-tween-5.local" name="com.wordpress.testscases.VerifyWordPressLoginFirefox" tests="1" failures="0" timestamp="10 may 2017 14:50:37 GMT" time="13.836" errors="0">
  <testcase name="VerifyValidLogin" time="13.836" classname="com.wordpress.testscases.VerifyWordPressLoginFirefox"/>
</testsuite> <!-- com.wordpress.testscases.VerifyWordPressLoginFirefox -->
